#
# There is insufficient memory for the Java Runtime Environment to continue.
# Native memory allocation (mmap) failed to map 13631488 bytes. Error detail: G1 virtual space
# Possible reasons:
#   The system is out of physical RAM or swap space
#   This process is running with CompressedOops enabled, and the Java Heap may be blocking the growth of the native heap
# Possible solutions:
#   Reduce memory load on the system
#   Increase physical memory or swap space
#   Check if swap backing store is full
#   Decrease Java heap size (-Xmx/-Xms)
#   Decrease number of Java threads
#   Decrease Java thread stack sizes (-Xss)
#   Set larger code cache with -XX:ReservedCodeCacheSize=
#   JVM is running with Unscaled Compressed Oops mode in which the Java heap is
#     placed in the first 4GB address space. The Java Heap base address is the
#     maximum limit for the native heap growth. Please use -XX:HeapBaseMinAddress
#     to set the Java Heap base and to place the Java Heap above 4GB virtual address.
# This output file may be truncated or incomplete.
#
#  Out of Memory Error (os_windows.cpp:3925), pid=24668, tid=24412
#
# JRE version: OpenJDK Runtime Environment (21.0.9) (build 21.0.9+-14649483-b1163.86)
# Java VM: OpenJDK 64-Bit Server VM (21.0.9+-14649483-b1163.86, mixed mode, tiered, compressed oops, compressed class ptrs, g1 gc, windows-amd64)
# No core dump will be written. Minidumps are not enabled by default on client versions of Windows
#

---------------  S U M M A R Y ------------

Command Line: --add-opens=java.base/java.util=ALL-UNNAMED --add-opens=java.base/java.lang=ALL-UNNAMED --add-opens=java.base/java.lang.invoke=ALL-UNNAMED --add-opens=java.prefs/java.util.prefs=ALL-UNNAMED --add-exports=jdk.compiler/com.sun.tools.javac.api=ALL-UNNAMED --add-exports=jdk.compiler/com.sun.tools.javac.util=ALL-UNNAMED --add-opens=java.base/java.nio.charset=ALL-UNNAMED --add-opens=java.base/java.net=ALL-UNNAMED --add-opens=java.base/java.util.concurrent.atomic=ALL-UNNAMED -Xmx2048m -Dfile.encoding=UTF-8 -Duser.country=US -Duser.language=en -Duser.variant -javaagent:C:\Users\dhanu\.gradle\wrapper\dists\gradle-8.9-bin\90cnw93cvbtalezasaz0blq0a\gradle-8.9\lib\agents\gradle-instrumentation-agent-8.9.jar org.gradle.launcher.daemon.bootstrap.GradleDaemon 8.9

Host: AMD Ryzen 5 5625U with Radeon Graphics         , 12 cores, 7G,  Windows 11 , 64 bit Build 26100 (10.0.26100.8328)
Time: Sat May 16 00:45:37 2026 India Standard Time elapsed time: 7.138132 seconds (0d 0h 0m 7s)

---------------  T H R E A D  ---------------

Current thread (0x000001af601dfc00):  VMThread "VM Thread"          [id=24412, stack(0x0000000495300000,0x0000000495400000) (1024K)]

Stack: [0x0000000495300000,0x0000000495400000]
Native frames: (J=compiled Java code, j=interpreted, Vv=VM code, C=native code)
V  [jvm.dll+0x6d6c99]
V  [jvm.dll+0x866b83]
V  [jvm.dll+0x86919e]
V  [jvm.dll+0x869883]
V  [jvm.dll+0x280776]
V  [jvm.dll+0x6d3555]
V  [jvm.dll+0x6c6bea]
V  [jvm.dll+0x3587fb]
V  [jvm.dll+0x360476]
V  [jvm.dll+0x3b2646]
V  [jvm.dll+0x3b2918]
V  [jvm.dll+0x32af0c]
V  [jvm.dll+0x32af97]
V  [jvm.dll+0x370e7c]
V  [jvm.dll+0x36f62e]
V  [jvm.dll+0x32a661]
V  [jvm.dll+0x36f05b]
V  [jvm.dll+0x86f608]
V  [jvm.dll+0x870984]
V  [jvm.dll+0x870ec0]
V  [jvm.dll+0x871153]
V  [jvm.dll+0x80f118]
V  [jvm.dll+0x6d54ed]
C  [ucrtbase.dll+0x37b0]
C  [KERNEL32.DLL+0x2e957]
C  [ntdll.dll+0x427c]

VM_Operation (0x0000000496af1c90): G1TryInitiateConcMark, mode: safepoint, requested by thread 0x000001af010fe020


---------------  P R O C E S S  ---------------

Threads class SMR info:
_java_thread_list=0x000001af006500f0, length=48, elements={
0x000001af60206d40, 0x000001af7a36b430, 0x000001af7a377d00, 0x000001af7a382770,
0x000001af7a38b180, 0x000001af7a394d90, 0x000001af7a395400, 0x000001af7a3a3c50,
0x000001af7a3ac6f0, 0x000001af7a3bedc0, 0x000001af7a3a4970, 0x000001af7a83af60,
0x000001af7a3a5690, 0x000001af00f47040, 0x000001af7a3a42e0, 0x000001af7a3a5000,
0x000001af7a3a2210, 0x000001af7a3a35c0, 0x000001af7a3a28a0, 0x000001af010fe020,
0x000001af010fd990, 0x000001af010fc5e0, 0x000001af010fcc70, 0x000001af010fbf50,
0x000001af010fe6b0, 0x000001af010fed40, 0x000001af010ff3d0, 0x000001af01101b30,
0x000001af011021c0, 0x000001af01102850, 0x000001af01100e10, 0x000001af01100780,
0x000001af01102ee0, 0x000001af010ffa60, 0x000001af01103570, 0x000001af011014a0,
0x000001af011000f0, 0x000001af01f46d90, 0x000001af01f46700, 0x000001af01f45350,
0x000001af01f48140, 0x000001af01f44cc0, 0x000001af01f47420, 0x000001af01f47ab0,
0x000001af01f487d0, 0x000001af01f48e60, 0x000001af01f4af30, 0x000001af01f4bc50
}

Java Threads: ( => current thread )
  0x000001af60206d40 JavaThread "main"                              [_thread_blocked, id=2872, stack(0x0000000494c00000,0x0000000494d00000) (1024K)]
  0x000001af7a36b430 JavaThread "Common-Cleaner"             daemon [_thread_blocked, id=19636, stack(0x0000000495400000,0x0000000495500000) (1024K)]
  0x000001af7a377d00 JavaThread "Reference Handler"          daemon [_thread_blocked, id=23320, stack(0x0000000495500000,0x0000000495600000) (1024K)]
  0x000001af7a382770 JavaThread "Finalizer"                  daemon [_thread_blocked, id=25160, stack(0x0000000495600000,0x0000000495700000) (1024K)]
  0x000001af7a38b180 JavaThread "Signal Dispatcher"          daemon [_thread_blocked, id=24092, stack(0x0000000495700000,0x0000000495800000) (1024K)]
  0x000001af7a394d90 JavaThread "Attach Listener"            daemon [_thread_blocked, id=17420, stack(0x0000000495800000,0x0000000495900000) (1024K)]
  0x000001af7a395400 JavaThread "Service Thread"             daemon [_thread_blocked, id=15564, stack(0x0000000495900000,0x0000000495a00000) (1024K)]
  0x000001af7a3a3c50 JavaThread "Monitor Deflation Thread"   daemon [_thread_blocked, id=24120, stack(0x0000000495a00000,0x0000000495b00000) (1024K)]
  0x000001af7a3ac6f0 JavaThread "C2 CompilerThread0"         daemon [_thread_in_native, id=17640, stack(0x0000000495b00000,0x0000000495c00000) (1024K)]
  0x000001af7a3bedc0 JavaThread "C1 CompilerThread0"         daemon [_thread_blocked, id=24580, stack(0x0000000495c00000,0x0000000495d00000) (1024K)]
  0x000001af7a3a4970 JavaThread "Notification Thread"        daemon [_thread_blocked, id=13060, stack(0x0000000495d00000,0x0000000495e00000) (1024K)]
  0x000001af7a83af60 JavaThread "C2 CompilerThread1"         daemon [_thread_in_native, id=9856, stack(0x0000000495e00000,0x0000000495f00000) (1024K)]
  0x000001af7a3a5690 JavaThread "Daemon health stats"               [_thread_blocked, id=25296, stack(0x0000000496300000,0x0000000496400000) (1024K)]
  0x000001af00f47040 JavaThread "C2 CompilerThread2"         daemon [_thread_in_native, id=23168, stack(0x0000000496400000,0x0000000496500000) (1024K)]
  0x000001af7a3a42e0 JavaThread "Incoming local TCP Connector on port 56111"        [_thread_in_native, id=9312, stack(0x0000000496500000,0x0000000496600000) (1024K)]
  0x000001af7a3a5000 JavaThread "Daemon periodic checks"            [_thread_blocked, id=19852, stack(0x0000000496600000,0x0000000496700000) (1024K)]
  0x000001af7a3a2210 JavaThread "Daemon"                            [_thread_blocked, id=25008, stack(0x0000000496700000,0x0000000496800000) (1024K)]
  0x000001af7a3a35c0 JavaThread "Handler for socket connection from /127.0.0.1:56111 to /127.0.0.1:56112"        [_thread_in_native, id=16304, stack(0x0000000496800000,0x0000000496900000) (1024K)]
  0x000001af7a3a28a0 JavaThread "Cancel handler"                    [_thread_blocked, id=21796, stack(0x0000000496900000,0x0000000496a00000) (1024K)]
  0x000001af010fe020 JavaThread "Daemon worker"                     [_thread_blocked, id=2284, stack(0x0000000496a00000,0x0000000496b00000) (1024K)]
  0x000001af010fd990 JavaThread "Asynchronous log dispatcher for DefaultDaemonConnection: socket connection from /127.0.0.1:56111 to /127.0.0.1:56112"        [_thread_blocked, id=15844, stack(0x0000000496b00000,0x0000000496c00000) (1024K)]
  0x000001af010fc5e0 JavaThread "Stdin handler"                     [_thread_blocked, id=16908, stack(0x0000000497300000,0x0000000497400000) (1024K)]
  0x000001af010fcc70 JavaThread "Daemon client event forwarder"        [_thread_blocked, id=22104, stack(0x0000000497400000,0x0000000497500000) (1024K)]
  0x000001af010fbf50 JavaThread "Cache worker for journal cache (C:\Users\dhanu\.gradle\caches\journal-1)"        [_thread_blocked, id=6940, stack(0x0000000497500000,0x0000000497600000) (1024K)]
  0x000001af010fe6b0 JavaThread "File lock request listener"        [_thread_in_native, id=8872, stack(0x0000000497600000,0x0000000497700000) (1024K)]
  0x000001af010fed40 JavaThread "Cache worker for file hash cache (C:\Users\dhanu\.gradle\caches\8.9\fileHashes)"        [_thread_blocked, id=17100, stack(0x0000000497700000,0x0000000497800000) (1024K)]
  0x000001af010ff3d0 JavaThread "Cache worker for file hash cache (D:\parisara\.gradle\8.9\fileHashes)"        [_thread_blocked, id=23216, stack(0x0000000497800000,0x0000000497900000) (1024K)]
  0x000001af01101b30 JavaThread "Cache worker for Build Output Cleanup Cache (D:\parisara\.gradle\buildOutputCleanup)"        [_thread_blocked, id=23284, stack(0x0000000497900000,0x0000000497a00000) (1024K)]
  0x000001af011021c0 JavaThread "File watcher server"        daemon [_thread_in_native, id=21944, stack(0x0000000497a00000,0x0000000497b00000) (1024K)]
  0x000001af01102850 JavaThread "File watcher consumer"      daemon [_thread_blocked, id=25144, stack(0x0000000497b00000,0x0000000497c00000) (1024K)]
  0x000001af01100e10 JavaThread "jar transforms"                    [_thread_blocked, id=15356, stack(0x0000000497c00000,0x0000000497d00000) (1024K)]
  0x000001af01100780 JavaThread "jar transforms Thread 2"           [_thread_blocked, id=19972, stack(0x0000000497d00000,0x0000000497e00000) (1024K)]
  0x000001af01102ee0 JavaThread "jar transforms Thread 3"           [_thread_blocked, id=23236, stack(0x0000000497e00000,0x0000000497f00000) (1024K)]
  0x000001af010ffa60 JavaThread "jar transforms Thread 4"           [_thread_blocked, id=20428, stack(0x0000000497f00000,0x0000000498000000) (1024K)]
  0x000001af01103570 JavaThread "jar transforms Thread 5"           [_thread_blocked, id=15712, stack(0x0000000498000000,0x0000000498100000) (1024K)]
  0x000001af011014a0 JavaThread "jar transforms Thread 6"           [_thread_blocked, id=2168, stack(0x0000000498100000,0x0000000498200000) (1024K)]
  0x000001af011000f0 JavaThread "jar transforms Thread 7"           [_thread_blocked, id=16592, stack(0x0000000498200000,0x0000000498300000) (1024K)]
  0x000001af01f46d90 JavaThread "jar transforms Thread 8"           [_thread_blocked, id=24176, stack(0x0000000498300000,0x0000000498400000) (1024K)]
  0x000001af01f46700 JavaThread "jar transforms Thread 9"           [_thread_blocked, id=15760, stack(0x0000000498400000,0x0000000498500000) (1024K)]
  0x000001af01f45350 JavaThread "jar transforms Thread 10"          [_thread_blocked, id=2432, stack(0x0000000498500000,0x0000000498600000) (1024K)]
  0x000001af01f48140 JavaThread "jar transforms Thread 11"          [_thread_blocked, id=25000, stack(0x0000000498600000,0x0000000498700000) (1024K)]
  0x000001af01f44cc0 JavaThread "jar transforms Thread 12"          [_thread_blocked, id=25192, stack(0x0000000498700000,0x0000000498800000) (1024K)]
  0x000001af01f47420 JavaThread "Cache worker for checksums cache (D:\parisara\.gradle\8.9\checksums)"        [_thread_blocked, id=20976, stack(0x0000000498800000,0x0000000498900000) (1024K)]
  0x000001af01f47ab0 JavaThread "Cache worker for file content cache (C:\Users\dhanu\.gradle\caches\8.9\fileContent)"        [_thread_blocked, id=13048, stack(0x0000000498900000,0x0000000498a00000) (1024K)]
  0x000001af01f487d0 JavaThread "Cache worker for cache directory md-rule (C:\Users\dhanu\.gradle\caches\8.9\md-rule)"        [_thread_blocked, id=20400, stack(0x0000000498a00000,0x0000000498b00000) (1024K)]
  0x000001af01f48e60 JavaThread "Cache worker for cache directory md-supplier (C:\Users\dhanu\.gradle\caches\8.9\md-supplier)"        [_thread_blocked, id=13184, stack(0x0000000498b00000,0x0000000498c00000) (1024K)]
  0x000001af01f4af30 JavaThread "Unconstrained build operations"        [_thread_blocked, id=25272, stack(0x0000000498c00000,0x0000000498d00000) (1024K)]
  0x000001af01f4bc50 JavaThread "Unconstrained build operations Thread 2"        [_thread_blocked, id=24464, stack(0x0000000498d00000,0x0000000498e00000) (1024K)]
Total: 48

Other Threads:
=>0x000001af601dfc00 VMThread "VM Thread"                           [id=24412, stack(0x0000000495300000,0x0000000495400000) (1024K)]
  0x000001af7a156420 WatcherThread "VM Periodic Task Thread"        [id=25540, stack(0x0000000495200000,0x0000000495300000) (1024K)]
  0x000001af601de640 WorkerThread "GC Thread#0"                     [id=9080, stack(0x0000000494d00000,0x0000000494e00000) (1024K)]
  0x000001af601de9e0 WorkerThread "GC Thread#1"                     [id=24904, stack(0x0000000495f00000,0x0000000496000000) (1024K)]
  0x000001af601ded80 WorkerThread "GC Thread#2"                     [id=5592, stack(0x0000000496000000,0x0000000496100000) (1024K)]
  0x000001af601df120 WorkerThread "GC Thread#3"                     [id=22024, stack(0x0000000496100000,0x0000000496200000) (1024K)]
  0x000001af7f54db60 WorkerThread "GC Thread#4"                     [id=22864, stack(0x0000000496200000,0x0000000496300000) (1024K)]
  0x000001af7f54d7c0 WorkerThread "GC Thread#5"                     [id=3456, stack(0x0000000496c00000,0x0000000496d00000) (1024K)]
  0x000001af7f54a8a0 WorkerThread "GC Thread#6"                     [id=16084, stack(0x0000000496d00000,0x0000000496e00000) (1024K)]
  0x000001af7f54b720 WorkerThread "GC Thread#7"                     [id=9068, stack(0x0000000496e00000,0x0000000496f00000) (1024K)]
  0x000001af7f54df00 WorkerThread "GC Thread#8"                     [id=16332, stack(0x0000000496f00000,0x0000000497000000) (1024K)]
  0x000001af7f54c5a0 WorkerThread "GC Thread#9"                     [id=23008, stack(0x0000000497000000,0x0000000497100000) (1024K)]
  0x000001af626d4b20 ConcurrentGCThread "G1 Main Marker"            [id=12552, stack(0x0000000494e00000,0x0000000494f00000) (1024K)]
  0x000001af601df860 WorkerThread "G1 Conc#0"                       [id=23408, stack(0x0000000494f00000,0x0000000495000000) (1024K)]
  0x000001af7f54ac40 WorkerThread "G1 Conc#1"                       [id=16168, stack(0x0000000497100000,0x0000000497200000) (1024K)]
  0x000001af7f54afe0 WorkerThread "G1 Conc#2"                       [id=14592, stack(0x0000000497200000,0x0000000497300000) (1024K)]
  0x000001af6272e910 ConcurrentGCThread "G1 Refine#0"               [id=9520, stack(0x0000000495000000,0x0000000495100000) (1024K)]
  0x000001af7a02c1b0 ConcurrentGCThread "G1 Service"                [id=25580, stack(0x0000000495100000,0x0000000495200000) (1024K)]
Total: 18

Threads with active compile tasks:
C2 CompilerThread0  7177 6114   !   4       java.net.URLClassLoader::findClass (47 bytes)
C2 CompilerThread1  7177 6116   !   4       java.net.URLClassLoader$1::run (81 bytes)
C2 CompilerThread2  7177 6115       4       java.net.URLClassLoader$1::run (5 bytes)
Total: 3

VM state: at safepoint (normal execution)

VM Mutex/Monitor currently owned by a thread:  ([mutex/lock_event])
[0x00007ffa40448690] Threads_lock - owner thread: 0x000001af601dfc00
[0x00007ffa40448790] Heap_lock - owner thread: 0x000001af010fe020

Heap address: 0x0000000080000000, size: 2048 MB, Compressed Oops mode: 32-bit

CDS archive(s) not mapped
Compressed class space mapped at: 0x0000000100000000-0x0000000140000000, reserved size: 1073741824
Narrow klass base: 0x0000000000000000, Narrow klass shift: 3, Narrow klass range: 0x140000000

GC Precious Log:
 CardTable entry size: 512
 Card Set container configuration: InlinePtr #cards 5 size 8 Array Of Cards #cards 12 size 40 Howl #buckets 4 coarsen threshold 1843 Howl Bitmap #cards 512 size 80 coarsen threshold 460 Card regions per heap region 1 cards per card region 2048
 CPUs: 12 total, 12 available
 Memory: 7520M
 Large Page Support: Disabled
 NUMA Support: Disabled
 Compressed Oops: Enabled (32-bit)
 Heap Region Size: 1M
 Heap Min Capacity: 8M
 Heap Initial Capacity: 118M
 Heap Max Capacity: 2G
 Pre-touch: Disabled
 Parallel Workers: 10
 Concurrent Workers: 3
 Concurrent Refinement Workers: 10
 Periodic GC: Disabled

Heap:
 garbage-first heap   total 116736K, used 66721K [0x0000000080000000, 0x0000000100000000)
  region size 1024K, 4 young (4096K), 4 survivors (4096K)
 Metaspace       used 62636K, committed 64000K, reserved 1114112K
  class space    used 8850K, committed 9472K, reserved 1048576K

Heap Regions: E=young(eden), S=young(survivor), O=old, HS=humongous(starts), HC=humongous(continues), CS=collection set, F=free, TAMS=top-at-mark-start, PB=parsable bottom
|   0|0x0000000080000000, 0x0000000080100000, 0x0000000080100000|100%|HS|  |TAMS 0x0000000080100000| PB 0x0000000080000000| Complete 
|   1|0x0000000080100000, 0x0000000080200000, 0x0000000080200000|100%|HC|  |TAMS 0x0000000080200000| PB 0x0000000080100000| Complete 
|   2|0x0000000080200000, 0x0000000080300000, 0x0000000080300000|100%|HC|  |TAMS 0x0000000080300000| PB 0x0000000080200000| Complete 
|   3|0x0000000080300000, 0x0000000080400000, 0x0000000080400000|100%|HC|  |TAMS 0x0000000080400000| PB 0x0000000080300000| Complete 
|   4|0x0000000080400000, 0x0000000080500000, 0x0000000080500000|100%| O|  |TAMS 0x0000000080500000| PB 0x0000000080400000| Untracked 
|   5|0x0000000080500000, 0x0000000080600000, 0x0000000080600000|100%| O|  |TAMS 0x0000000080600000| PB 0x0000000080500000| Untracked 
|   6|0x0000000080600000, 0x0000000080700000, 0x0000000080700000|100%| O|  |TAMS 0x0000000080700000| PB 0x0000000080600000| Untracked 
|   7|0x0000000080700000, 0x0000000080800000, 0x0000000080800000|100%|HS|  |TAMS 0x0000000080800000| PB 0x0000000080700000| Complete 
|   8|0x0000000080800000, 0x0000000080900000, 0x0000000080900000|100%| O|  |TAMS 0x0000000080900000| PB 0x0000000080800000| Untracked 
|   9|0x0000000080900000, 0x0000000080a00000, 0x0000000080a00000|100%| O|  |TAMS 0x0000000080a00000| PB 0x0000000080900000| Untracked 
|  10|0x0000000080a00000, 0x0000000080b00000, 0x0000000080b00000|100%| O|  |TAMS 0x0000000080b00000| PB 0x0000000080a00000| Untracked 
|  11|0x0000000080b00000, 0x0000000080c00000, 0x0000000080c00000|100%| O|  |TAMS 0x0000000080c00000| PB 0x0000000080b00000| Untracked 
|  12|0x0000000080c00000, 0x0000000080d00000, 0x0000000080d00000|100%| O|  |TAMS 0x0000000080d00000| PB 0x0000000080c00000| Untracked 
|  13|0x0000000080d00000, 0x0000000080e00000, 0x0000000080e00000|100%| O|  |TAMS 0x0000000080e00000| PB 0x0000000080d00000| Untracked 
|  14|0x0000000080e00000, 0x0000000080f00000, 0x0000000080f00000|100%|HS|  |TAMS 0x0000000080f00000| PB 0x0000000080e00000| Complete 
|  15|0x0000000080f00000, 0x0000000081000000, 0x0000000081000000|100%|HC|  |TAMS 0x0000000081000000| PB 0x0000000080f00000| Complete 
|  16|0x0000000081000000, 0x0000000081100000, 0x0000000081100000|100%|HC|  |TAMS 0x0000000081100000| PB 0x0000000081000000| Complete 
|  17|0x0000000081100000, 0x0000000081200000, 0x0000000081200000|100%|HC|  |TAMS 0x0000000081200000| PB 0x0000000081100000| Complete 
|  18|0x0000000081200000, 0x0000000081300000, 0x0000000081300000|100%|HC|  |TAMS 0x0000000081300000| PB 0x0000000081200000| Complete 
|  19|0x0000000081300000, 0x0000000081400000, 0x0000000081400000|100%|HC|  |TAMS 0x0000000081400000| PB 0x0000000081300000| Complete 
|  20|0x0000000081400000, 0x0000000081500000, 0x0000000081500000|100%|HS|  |TAMS 0x0000000081500000| PB 0x0000000081400000| Complete 
|  21|0x0000000081500000, 0x0000000081600000, 0x0000000081600000|100%|HC|  |TAMS 0x0000000081600000| PB 0x0000000081500000| Complete 
|  22|0x0000000081600000, 0x0000000081700000, 0x0000000081700000|100%| O|  |TAMS 0x0000000081700000| PB 0x0000000081600000| Untracked 
|  23|0x0000000081700000, 0x0000000081800000, 0x0000000081800000|100%| O|  |TAMS 0x0000000081800000| PB 0x0000000081700000| Untracked 
|  24|0x0000000081800000, 0x0000000081900000, 0x0000000081900000|100%| O|  |TAMS 0x0000000081900000| PB 0x0000000081800000| Untracked 
|  25|0x0000000081900000, 0x0000000081a00000, 0x0000000081a00000|100%| O|  |TAMS 0x0000000081a00000| PB 0x0000000081900000| Untracked 
|  26|0x0000000081a00000, 0x0000000081b00000, 0x0000000081b00000|100%| O|  |TAMS 0x0000000081b00000| PB 0x0000000081a00000| Untracked 
|  27|0x0000000081b00000, 0x0000000081c00000, 0x0000000081c00000|100%|HS|  |TAMS 0x0000000081c00000| PB 0x0000000081b00000| Complete 
|  28|0x0000000081c00000, 0x0000000081d00000, 0x0000000081d00000|100%|HS|  |TAMS 0x0000000081d00000| PB 0x0000000081c00000| Complete 
|  29|0x0000000081d00000, 0x0000000081e00000, 0x0000000081e00000|100%|HC|  |TAMS 0x0000000081e00000| PB 0x0000000081d00000| Complete 
|  30|0x0000000081e00000, 0x0000000081f00000, 0x0000000081f00000|100%|HC|  |TAMS 0x0000000081f00000| PB 0x0000000081e00000| Complete 
|  31|0x0000000081f00000, 0x0000000082000000, 0x0000000082000000|100%|HC|  |TAMS 0x0000000082000000| PB 0x0000000081f00000| Complete 
|  32|0x0000000082000000, 0x0000000082100000, 0x0000000082100000|100%|HC|  |TAMS 0x0000000082100000| PB 0x0000000082000000| Complete 
|  33|0x0000000082100000, 0x0000000082200000, 0x0000000082200000|100%|HC|  |TAMS 0x0000000082200000| PB 0x0000000082100000| Complete 
|  34|0x0000000082200000, 0x0000000082300000, 0x0000000082300000|100%|HS|  |TAMS 0x0000000082300000| PB 0x0000000082200000| Complete 
|  35|0x0000000082300000, 0x0000000082400000, 0x0000000082400000|100%|HC|  |TAMS 0x0000000082400000| PB 0x0000000082300000| Complete 
|  36|0x0000000082400000, 0x0000000082500000, 0x0000000082500000|100%|HS|  |TAMS 0x0000000082500000| PB 0x0000000082400000| Complete 
|  37|0x0000000082500000, 0x0000000082600000, 0x0000000082600000|100%| O|  |TAMS 0x0000000082600000| PB 0x0000000082500000| Untracked 
|  38|0x0000000082600000, 0x0000000082700000, 0x0000000082700000|100%| O|  |TAMS 0x0000000082700000| PB 0x0000000082600000| Untracked 
|  39|0x0000000082700000, 0x0000000082800000, 0x0000000082800000|100%| O|  |TAMS 0x0000000082800000| PB 0x0000000082700000| Untracked 
|  40|0x0000000082800000, 0x0000000082900000, 0x0000000082900000|100%| O|  |TAMS 0x0000000082900000| PB 0x0000000082800000| Untracked 
|  41|0x0000000082900000, 0x0000000082a00000, 0x0000000082a00000|100%| O|  |TAMS 0x0000000082a00000| PB 0x0000000082900000| Untracked 
|  42|0x0000000082a00000, 0x0000000082b00000, 0x0000000082b00000|100%| O|  |TAMS 0x0000000082b00000| PB 0x0000000082a00000| Untracked 
|  43|0x0000000082b00000, 0x0000000082c00000, 0x0000000082c00000|100%| O|  |TAMS 0x0000000082c00000| PB 0x0000000082b00000| Untracked 
|  44|0x0000000082c00000, 0x0000000082d00000, 0x0000000082d00000|100%| O|  |TAMS 0x0000000082d00000| PB 0x0000000082c00000| Untracked 
|  45|0x0000000082d00000, 0x0000000082e00000, 0x0000000082e00000|100%| O|  |TAMS 0x0000000082e00000| PB 0x0000000082d00000| Untracked 
|  46|0x0000000082e00000, 0x0000000082f00000, 0x0000000082f00000|100%| O|  |TAMS 0x0000000082f00000| PB 0x0000000082e00000| Untracked 
|  47|0x0000000082f00000, 0x0000000083000000, 0x0000000083000000|100%| O|  |TAMS 0x0000000083000000| PB 0x0000000082f00000| Untracked 
|  48|0x0000000083000000, 0x0000000083100000, 0x0000000083100000|100%| O|  |TAMS 0x0000000083100000| PB 0x0000000083000000| Untracked 
|  49|0x0000000083100000, 0x0000000083200000, 0x0000000083200000|100%| O|  |TAMS 0x0000000083200000| PB 0x0000000083100000| Untracked 
|  50|0x0000000083200000, 0x0000000083300000, 0x0000000083300000|100%| O|  |TAMS 0x0000000083300000| PB 0x0000000083200000| Untracked 
|  51|0x0000000083300000, 0x0000000083400000, 0x0000000083400000|100%| O|  |TAMS 0x0000000083400000| PB 0x0000000083300000| Untracked 
|  52|0x0000000083400000, 0x0000000083500000, 0x0000000083500000|100%| O|  |TAMS 0x0000000083472180| PB 0x0000000083400000| Untracked 
|  53|0x0000000083500000, 0x0000000083600000, 0x0000000083600000|100%| O|  |TAMS 0x0000000083500000| PB 0x0000000083500000| Untracked 
|  54|0x0000000083600000, 0x0000000083632580, 0x0000000083700000| 19%| O|  |TAMS 0x0000000083600000| PB 0x0000000083600000| Untracked 
|  55|0x0000000083700000, 0x0000000083700000, 0x0000000083800000|  0%| F|  |TAMS 0x0000000083700000| PB 0x0000000083700000| Untracked 
|  56|0x0000000083800000, 0x0000000083800000, 0x0000000083900000|  0%| F|  |TAMS 0x0000000083800000| PB 0x0000000083800000| Untracked 
|  57|0x0000000083900000, 0x0000000083900000, 0x0000000083a00000|  0%| F|  |TAMS 0x0000000083900000| PB 0x0000000083900000| Untracked 
|  58|0x0000000083a00000, 0x0000000083a00000, 0x0000000083b00000|  0%| F|  |TAMS 0x0000000083a00000| PB 0x0000000083a00000| Untracked 
|  59|0x0000000083b00000, 0x0000000083b00000, 0x0000000083c00000|  0%| F|  |TAMS 0x0000000083b00000| PB 0x0000000083b00000| Untracked 
|  60|0x0000000083c00000, 0x0000000083c00000, 0x0000000083d00000|  0%| F|  |TAMS 0x0000000083c00000| PB 0x0000000083c00000| Untracked 
|  61|0x0000000083d00000, 0x0000000083d00000, 0x0000000083e00000|  0%| F|  |TAMS 0x0000000083d00000| PB 0x0000000083d00000| Untracked 
|  62|0x0000000083e00000, 0x0000000083e00000, 0x0000000083f00000|  0%| F|  |TAMS 0x0000000083e00000| PB 0x0000000083e00000| Untracked 
|  63|0x0000000083f00000, 0x0000000083f00000, 0x0000000084000000|  0%| F|  |TAMS 0x0000000083f00000| PB 0x0000000083f00000| Untracked 
|  64|0x0000000084000000, 0x0000000084000000, 0x0000000084100000|  0%| F|  |TAMS 0x0000000084000000| PB 0x0000000084000000| Untracked 
|  65|0x0000000084100000, 0x0000000084100000, 0x0000000084200000|  0%| F|  |TAMS 0x0000000084100000| PB 0x0000000084100000| Untracked 
|  66|0x0000000084200000, 0x0000000084200000, 0x0000000084300000|  0%| F|  |TAMS 0x0000000084200000| PB 0x0000000084200000| Untracked 
|  67|0x0000000084300000, 0x0000000084300000, 0x0000000084400000|  0%| F|  |TAMS 0x0000000084300000| PB 0x0000000084300000| Untracked 
|  68|0x0000000084400000, 0x0000000084400000, 0x0000000084500000|  0%| F|  |TAMS 0x0000000084400000| PB 0x0000000084400000| Untracked 
|  69|0x0000000084500000, 0x0000000084500000, 0x0000000084600000|  0%| F|  |TAMS 0x0000000084500000| PB 0x0000000084500000| Untracked 
|  70|0x0000000084600000, 0x0000000084600000, 0x0000000084700000|  0%| F|  |TAMS 0x0000000084600000| PB 0x0000000084600000| Untracked 
|  71|0x0000000084700000, 0x0000000084700000, 0x0000000084800000|  0%| F|  |TAMS 0x0000000084700000| PB 0x0000000084700000| Untracked 
|  72|0x0000000084800000, 0x0000000084800000, 0x0000000084900000|  0%| F|  |TAMS 0x0000000084800000| PB 0x0000000084800000| Untracked 
|  73|0x0000000084900000, 0x0000000084900000, 0x0000000084a00000|  0%| F|  |TAMS 0x0000000084900000| PB 0x0000000084900000| Untracked 
|  74|0x0000000084a00000, 0x0000000084a00000, 0x0000000084b00000|  0%| F|  |TAMS 0x0000000084a00000| PB 0x0000000084a00000| Untracked 
|  75|0x0000000084b00000, 0x0000000084b00000, 0x0000000084c00000|  0%| F|  |TAMS 0x0000000084b00000| PB 0x0000000084b00000| Untracked 
|  76|0x0000000084c00000, 0x0000000084c00000, 0x0000000084d00000|  0%| F|  |TAMS 0x0000000084c00000| PB 0x0000000084c00000| Untracked 
|  77|0x0000000084d00000, 0x0000000084d00000, 0x0000000084e00000|  0%| F|  |TAMS 0x0000000084d00000| PB 0x0000000084d00000| Untracked 
|  78|0x0000000084e00000, 0x0000000084e00000, 0x0000000084f00000|  0%| F|  |TAMS 0x0000000084e00000| PB 0x0000000084e00000| Untracked 
|  79|0x0000000084f00000, 0x0000000084f00000, 0x0000000085000000|  0%| F|  |TAMS 0x0000000084f00000| PB 0x0000000084f00000| Untracked 
|  80|0x0000000085000000, 0x0000000085000000, 0x0000000085100000|  0%| F|  |TAMS 0x0000000085000000| PB 0x0000000085000000| Untracked 
|  81|0x0000000085100000, 0x0000000085100000, 0x0000000085200000|  0%| F|  |TAMS 0x0000000085100000| PB 0x0000000085100000| Untracked 
|  82|0x0000000085200000, 0x0000000085200000, 0x0000000085300000|  0%| F|  |TAMS 0x0000000085200000| PB 0x0000000085200000| Untracked 
|  83|0x0000000085300000, 0x0000000085300000, 0x0000000085400000|  0%| F|  |TAMS 0x0000000085300000| PB 0x0000000085300000| Untracked 
|  84|0x0000000085400000, 0x0000000085400000, 0x0000000085500000|  0%| F|  |TAMS 0x0000000085400000| PB 0x0000000085400000| Untracked 
|  85|0x0000000085500000, 0x0000000085500000, 0x0000000085600000|  0%| F|  |TAMS 0x0000000085500000| PB 0x0000000085500000| Untracked 
|  86|0x0000000085600000, 0x0000000085600000, 0x0000000085700000|  0%| F|  |TAMS 0x0000000085600000| PB 0x0000000085600000| Untracked 
|  87|0x0000000085700000, 0x00000000857f6180, 0x0000000085800000| 96%| S|CS|TAMS 0x0000000085700000| PB 0x0000000085700000| Complete 
|  88|0x0000000085800000, 0x0000000085900000, 0x0000000085900000|100%| S|CS|TAMS 0x0000000085800000| PB 0x0000000085800000| Complete 
|  89|0x0000000085900000, 0x0000000085a00000, 0x0000000085a00000|100%| S|CS|TAMS 0x0000000085900000| PB 0x0000000085900000| Complete 
|  90|0x0000000085a00000, 0x0000000085b00000, 0x0000000085b00000|100%| S|CS|TAMS 0x0000000085a00000| PB 0x0000000085a00000| Complete 
|  91|0x0000000085b00000, 0x0000000085b00000, 0x0000000085c00000|  0%| F|  |TAMS 0x0000000085b00000| PB 0x0000000085b00000| Untracked 
|  92|0x0000000085c00000, 0x0000000085c00000, 0x0000000085d00000|  0%| F|  |TAMS 0x0000000085c00000| PB 0x0000000085c00000| Untracked 
|  93|0x0000000085d00000, 0x0000000085d00000, 0x0000000085e00000|  0%| F|  |TAMS 0x0000000085d00000| PB 0x0000000085d00000| Untracked 
|  94|0x0000000085e00000, 0x0000000085e00000, 0x0000000085f00000|  0%| F|  |TAMS 0x0000000085e00000| PB 0x0000000085e00000| Untracked 
|  95|0x0000000085f00000, 0x0000000085f00000, 0x0000000086000000|  0%| F|  |TAMS 0x0000000085f00000| PB 0x0000000085f00000| Untracked 
|  96|0x0000000086000000, 0x0000000086000000, 0x0000000086100000|  0%| F|  |TAMS 0x0000000086000000| PB 0x0000000086000000| Untracked 
|  97|0x0000000086100000, 0x0000000086100000, 0x0000000086200000|  0%| F|  |TAMS 0x0000000086100000| PB 0x0000000086100000| Untracked 
|  98|0x0000000086200000, 0x0000000086200000, 0x0000000086300000|  0%| F|  |TAMS 0x0000000086200000| PB 0x0000000086200000| Untracked 
|  99|0x0000000086300000, 0x0000000086300000, 0x0000000086400000|  0%| F|  |TAMS 0x0000000086300000| PB 0x0000000086300000| Untracked 
| 100|0x0000000086400000, 0x0000000086400000, 0x0000000086500000|  0%| F|  |TAMS 0x0000000086400000| PB 0x0000000086400000| Untracked 
| 101|0x0000000086500000, 0x0000000086500000, 0x0000000086600000|  0%| F|  |TAMS 0x0000000086500000| PB 0x0000000086500000| Untracked 
| 102|0x0000000086600000, 0x0000000086600000, 0x0000000086700000|  0%| F|  |TAMS 0x0000000086600000| PB 0x0000000086600000| Untracked 
| 103|0x0000000086700000, 0x0000000086700000, 0x0000000086800000|  0%| F|  |TAMS 0x0000000086700000| PB 0x0000000086700000| Untracked 
| 117|0x0000000087500000, 0x0000000087500000, 0x0000000087600000|  0%| F|  |TAMS 0x0000000087500000| PB 0x0000000087500000| Untracked 
|2039|0x00000000ff700000, 0x00000000ff700000, 0x00000000ff800000|  0%| F|  |TAMS 0x00000000ff700000| PB 0x00000000ff700000| Untracked 
|2040|0x00000000ff800000, 0x00000000ff800000, 0x00000000ff900000|  0%| F|  |TAMS 0x00000000ff800000| PB 0x00000000ff800000| Untracked 
|2041|0x00000000ff900000, 0x00000000ffa00000, 0x00000000ffa00000|100%| O|  |TAMS 0x00000000ffa00000| PB 0x00000000ff900000| Untracked 
|2042|0x00000000ffa00000, 0x00000000ffb00000, 0x00000000ffb00000|100%| O|  |TAMS 0x00000000ffb00000| PB 0x00000000ffa00000| Untracked 
|2043|0x00000000ffb00000, 0x00000000ffc00000, 0x00000000ffc00000|100%| O|  |TAMS 0x00000000ffc00000| PB 0x00000000ffb00000| Untracked 
|2044|0x00000000ffc00000, 0x00000000ffd00000, 0x00000000ffd00000|100%| O|  |TAMS 0x00000000ffd00000| PB 0x00000000ffc00000| Untracked 
|2045|0x00000000ffd00000, 0x00000000ffe00000, 0x00000000ffe00000|100%| O|  |TAMS 0x00000000ffe00000| PB 0x00000000ffd00000| Untracked 
|2046|0x00000000ffe00000, 0x00000000fff00000, 0x00000000fff00000|100%| O|  |TAMS 0x00000000fff00000| PB 0x00000000ffe00000| Untracked 
|2047|0x00000000fff00000, 0x0000000100000000, 0x0000000100000000|100%| O|  |TAMS 0x0000000100000000| PB 0x00000000fff00000| Untracked 

Card table byte_map: [0x000001af75130000,0x000001af75530000] _byte_map_base: 0x000001af74d30000

Marking Bits: (CMBitMap*) 0x000001af626c4240
 Bits: [0x000001af75530000, 0x000001af77530000)

Polling page: 0x000001af604b0000

Metaspace:

Usage:
  Non-class:     52.53 MB used.
      Class:      8.64 MB used.
       Both:     61.17 MB used.

Virtual space:
  Non-class space:       64.00 MB reserved,      53.25 MB ( 83%) committed,  1 nodes.
      Class space:        1.00 GB reserved,       9.25 MB ( <1%) committed,  1 nodes.
             Both:        1.06 GB reserved,      62.50 MB (  6%) committed. 

Chunk freelists:
   Non-Class:  10.28 MB
       Class:  6.56 MB
        Both:  16.84 MB

MaxMetaspaceSize: unlimited
CompressedClassSpaceSize: 1.00 GB
Initial GC threshold: 21.00 MB
Current GC threshold: 95.31 MB
CDS: off
 - commit_granule_bytes: 65536.
 - commit_granule_words: 8192.
 - virtual_space_node_default_size: 8388608.
 - enlarge_chunks_in_place: 1.
 - use_allocation_guard: 0.


Internal statistics:

num_allocs_failed_limit: 9.
num_arena_births: 2606.
num_arena_deaths: 0.
num_vsnodes_births: 2.
num_vsnodes_deaths: 0.
num_space_committed: 1000.
num_space_uncommitted: 0.
num_chunks_returned_to_freelist: 9.
num_chunks_taken_from_freelist: 5052.
num_chunk_merges: 6.
num_chunk_splits: 3269.
num_chunks_enlarged: 2027.
num_inconsistent_stats: 0.

CodeHeap 'non-profiled nmethods': size=120000Kb used=3336Kb max_used=3336Kb free=116663Kb
 bounds [0x000001af6d2a0000, 0x000001af6d5f0000, 0x000001af747d0000]
CodeHeap 'profiled nmethods': size=120000Kb used=10420Kb max_used=10420Kb free=109579Kb
 bounds [0x000001af657d0000, 0x000001af66200000, 0x000001af6cd00000]
CodeHeap 'non-nmethods': size=5760Kb used=2572Kb max_used=2618Kb free=3187Kb
 bounds [0x000001af6cd00000, 0x000001af6cfa0000, 0x000001af6d2a0000]
CodeCache: size=245760Kb, used=16328Kb, max_used=16374Kb, free=229429Kb
 total_blobs=6353, nmethods=5490, adapters=765, full_count=0
Compilation: enabled, stopped_count=0, restarted_count=0

Compilation events (20 events):
Event: 7.114 Thread 0x000001af7a3bedc0 6359       2       java.nio.HeapByteBuffer::putInt (31 bytes)
Event: 7.115 Thread 0x000001af7a3bedc0 nmethod 6359 0x000001af661fa010 code [0x000001af661fa220, 0x000001af661fa5e8]
Event: 7.115 Thread 0x000001af7a3bedc0 6360   !   2       jdk.internal.misc.ScopedMemoryAccess::putIntUnaligned (23 bytes)
Event: 7.115 Thread 0x000001af7a3bedc0 nmethod 6360 0x000001af661fa890 code [0x000001af661faa60, 0x000001af661faca8]
Event: 7.115 Thread 0x000001af7a3bedc0 6361   !   2       jdk.internal.misc.ScopedMemoryAccess::putIntUnalignedInternal (37 bytes)
Event: 7.115 Thread 0x000001af7a3bedc0 nmethod 6361 0x000001af661fae90 code [0x000001af661fb040, 0x000001af661fb200]
Event: 7.115 Thread 0x000001af7a3bedc0 6357       2       java.nio.ByteBuffer::allocate (20 bytes)
Event: 7.116 Thread 0x000001af7a3bedc0 nmethod 6357 0x000001af661fb310 code [0x000001af661fb4c0, 0x000001af661fb678]
Event: 7.116 Thread 0x000001af7a3bedc0 6363       2       org.gradle.internal.snapshot.ChildMap$Entry::<init> (15 bytes)
Event: 7.116 Thread 0x000001af7a3bedc0 nmethod 6363 0x000001af661fb790 code [0x000001af661fb940, 0x000001af661fbaf0]
Event: 7.120 Thread 0x000001af7a3bedc0 6364       2       java.nio.HeapByteBuffer::putLong (32 bytes)
Event: 7.121 Thread 0x000001af7a3bedc0 nmethod 6364 0x000001af661fbb90 code [0x000001af661fbda0, 0x000001af661fc170]
Event: 7.121 Thread 0x000001af7a3bedc0 6365   !   2       jdk.internal.misc.ScopedMemoryAccess::putLongUnaligned (23 bytes)
Event: 7.121 Thread 0x000001af7a3bedc0 nmethod 6365 0x000001af661fc410 code [0x000001af661fc5e0, 0x000001af661fc828]
Event: 7.121 Thread 0x000001af7a3bedc0 6366       2       org.gradle.internal.hash.Hashing$MessageDigestHasher::putLong (16 bytes)
Event: 7.121 Thread 0x000001af7a3bedc0 nmethod 6366 0x000001af661fca10 code [0x000001af661fcc00, 0x000001af661fceb0]
Event: 7.121 Thread 0x000001af7a3bedc0 6367       1       org.gradle.internal.snapshot.AbstractFileSystemLocationSnapshot::getName (5 bytes)
Event: 7.122 Thread 0x000001af7a3bedc0 nmethod 6367 0x000001af6d5e1d90 code [0x000001af6d5e1f20, 0x000001af6d5e1fe8]
Event: 7.125 Thread 0x000001af7a3bedc0 6368       1       org.gradle.internal.operations.BuildOperationDescriptor::getDisplayName (5 bytes)
Event: 7.126 Thread 0x000001af7a3bedc0 nmethod 6368 0x000001af6d5e2090 code [0x000001af6d5e2220, 0x000001af6d5e22e8]

GC Heap History (20 events):
Event: 4.092 GC heap after
{Heap after GC invocations=7 (full 0):
 garbage-first heap   total 89088K, used 36412K [0x0000000080000000, 0x0000000100000000)
  region size 1024K, 7 young (7168K), 7 survivors (7168K)
 Metaspace       used 35257K, committed 35968K, reserved 1114112K
  class space    used 4881K, committed 5248K, reserved 1048576K
}
Event: 4.139 GC heap before
{Heap before GC invocations=7 (full 0):
 garbage-first heap   total 89088K, used 40508K [0x0000000080000000, 0x0000000100000000)
  region size 1024K, 12 young (12288K), 7 survivors (7168K)
 Metaspace       used 35515K, committed 36288K, reserved 1114112K
  class space    used 4927K, committed 5312K, reserved 1048576K
}
Event: 4.142 GC heap after
{Heap after GC invocations=8 (full 0):
 garbage-first heap   total 89088K, used 38606K [0x0000000080000000, 0x0000000100000000)
  region size 1024K, 3 young (3072K), 3 survivors (3072K)
 Metaspace       used 35515K, committed 36288K, reserved 1114112K
  class space    used 4927K, committed 5312K, reserved 1048576K
}
Event: 4.525 GC heap before
{Heap before GC invocations=9 (full 0):
 garbage-first heap   total 89088K, used 80590K [0x0000000080000000, 0x0000000100000000)
  region size 1024K, 34 young (34816K), 3 survivors (3072K)
 Metaspace       used 38741K, committed 39680K, reserved 1114112K
  class space    used 5446K, committed 5888K, reserved 1048576K
}
Event: 4.529 GC heap after
{Heap after GC invocations=10 (full 0):
 garbage-first heap   total 89088K, used 54092K [0x0000000080000000, 0x0000000100000000)
  region size 1024K, 5 young (5120K), 5 survivors (5120K)
 Metaspace       used 38741K, committed 39680K, reserved 1114112K
  class space    used 5446K, committed 5888K, reserved 1048576K
}
Event: 4.790 GC heap before
{Heap before GC invocations=10 (full 0):
 garbage-first heap   total 89088K, used 77644K [0x0000000080000000, 0x0000000100000000)
  region size 1024K, 28 young (28672K), 5 survivors (5120K)
 Metaspace       used 41593K, committed 42752K, reserved 1114112K
  class space    used 5952K, committed 6528K, reserved 1048576K
}
Event: 4.793 GC heap after
{Heap after GC invocations=11 (full 0):
 garbage-first heap   total 89088K, used 54678K [0x0000000080000000, 0x0000000100000000)
  region size 1024K, 2 young (2048K), 2 survivors (2048K)
 Metaspace       used 41593K, committed 42752K, reserved 1114112K
  class space    used 5952K, committed 6528K, reserved 1048576K
}
Event: 5.071 GC heap before
{Heap before GC invocations=11 (full 0):
 garbage-first heap   total 89088K, used 76182K [0x0000000080000000, 0x0000000100000000)
  region size 1024K, 24 young (24576K), 2 survivors (2048K)
 Metaspace       used 45756K, committed 46848K, reserved 1114112K
  class space    used 6508K, committed 7040K, reserved 1048576K
}
Event: 5.073 GC heap after
{Heap after GC invocations=12 (full 0):
 garbage-first heap   total 107520K, used 56489K [0x0000000080000000, 0x0000000100000000)
  region size 1024K, 3 young (3072K), 3 survivors (3072K)
 Metaspace       used 45756K, committed 46848K, reserved 1114112K
  class space    used 6508K, committed 7040K, reserved 1048576K
}
Event: 5.388 GC heap before
{Heap before GC invocations=13 (full 0):
 garbage-first heap   total 107520K, used 90281K [0x0000000080000000, 0x0000000100000000)
  region size 1024K, 37 young (37888K), 3 survivors (3072K)
 Metaspace       used 48370K, committed 49600K, reserved 1114112K
  class space    used 6963K, committed 7552K, reserved 1048576K
}
Event: 5.393 GC heap after
{Heap after GC invocations=14 (full 0):
 garbage-first heap   total 107520K, used 59283K [0x0000000080000000, 0x0000000100000000)
  region size 1024K, 5 young (5120K), 5 survivors (5120K)
 Metaspace       used 48370K, committed 49600K, reserved 1114112K
  class space    used 6963K, committed 7552K, reserved 1048576K
}
Event: 5.922 GC heap before
{Heap before GC invocations=14 (full 0):
 garbage-first heap   total 107520K, used 93075K [0x0000000080000000, 0x0000000100000000)
  region size 1024K, 38 young (38912K), 5 survivors (5120K)
 Metaspace       used 54160K, committed 55296K, reserved 1114112K
  class space    used 7597K, committed 8128K, reserved 1048576K
}
Event: 5.926 GC heap after
{Heap after GC invocations=15 (full 0):
 garbage-first heap   total 107520K, used 61197K [0x0000000080000000, 0x0000000100000000)
  region size 1024K, 4 young (4096K), 4 survivors (4096K)
 Metaspace       used 54160K, committed 55296K, reserved 1114112K
  class space    used 7597K, committed 8128K, reserved 1048576K
}
Event: 6.215 GC heap before
{Heap before GC invocations=15 (full 0):
 garbage-first heap   total 107520K, used 80653K [0x0000000080000000, 0x0000000100000000)
  region size 1024K, 24 young (24576K), 4 survivors (4096K)
 Metaspace       used 56715K, committed 57920K, reserved 1114112K
  class space    used 7950K, committed 8512K, reserved 1048576K
}
Event: 6.218 GC heap after
{Heap after GC invocations=16 (full 0):
 garbage-first heap   total 107520K, used 63727K [0x0000000080000000, 0x0000000100000000)
  region size 1024K, 3 young (3072K), 3 survivors (3072K)
 Metaspace       used 56715K, committed 57920K, reserved 1114112K
  class space    used 7950K, committed 8512K, reserved 1048576K
}
Event: 6.566 GC heap before
{Heap before GC invocations=17 (full 0):
 garbage-first heap   total 116736K, used 99567K [0x0000000080000000, 0x0000000100000000)
  region size 1024K, 33 young (33792K), 3 survivors (3072K)
 Metaspace       used 58426K, committed 59648K, reserved 1114112K
  class space    used 8112K, committed 8704K, reserved 1048576K
}
Event: 6.569 GC heap after
{Heap after GC invocations=18 (full 0):
 garbage-first heap   total 116736K, used 64382K [0x0000000080000000, 0x0000000100000000)
  region size 1024K, 4 young (4096K), 4 survivors (4096K)
 Metaspace       used 58426K, committed 59648K, reserved 1114112K
  class space    used 8112K, committed 8704K, reserved 1048576K
}
Event: 7.053 GC heap before
{Heap before GC invocations=18 (full 0):
 garbage-first heap   total 116736K, used 103294K [0x0000000080000000, 0x0000000100000000)
  region size 1024K, 42 young (43008K), 4 survivors (4096K)
 Metaspace       used 62446K, committed 63872K, reserved 1114112K
  class space    used 8824K, committed 9472K, reserved 1048576K
}
Event: 7.059 GC heap after
{Heap after GC invocations=19 (full 0):
 garbage-first heap   total 116736K, used 65866K [0x0000000080000000, 0x0000000100000000)
  region size 1024K, 5 young (5120K), 5 survivors (5120K)
 Metaspace       used 62446K, committed 63872K, reserved 1114112K
  class space    used 8824K, committed 9472K, reserved 1048576K
}
Event: 7.130 GC heap before
{Heap before GC invocations=19 (full 0):
 garbage-first heap   total 116736K, used 80202K [0x0000000080000000, 0x0000000100000000)
  region size 1024K, 21 young (21504K), 5 survivors (5120K)
 Metaspace       used 62636K, committed 64000K, reserved 1114112K
  class space    used 8850K, committed 9472K, reserved 1048576K
}

Dll operation events (3 events):
Event: 0.007 Loaded shared library D:\andriod studio\jbr\bin\java.dll
Event: 0.010 Loaded shared library D:\andriod studio\jbr\bin\zip.dll
Event: 1.239 Loaded shared library D:\andriod studio\jbr\bin\verify.dll

Deoptimization events (20 events):
Event: 7.004 Thread 0x000001af010fe020 DEOPT PACKING pc=0x000001af65f1a9e6 sp=0x0000000496af4410
Event: 7.004 Thread 0x000001af010fe020 DEOPT UNPACKING pc=0x000001af6cd54b42 sp=0x0000000496af3958 mode 0
Event: 7.023 Thread 0x000001af01f4af30 Uncommon trap: trap_request=0xffffff45 fr.pc=0x000001af6d5c2458 relative=0x0000000000000d58
Event: 7.023 Thread 0x000001af01f4af30 Uncommon trap: reason=unstable_if action=reinterpret pc=0x000001af6d5c2458 method=java.util.concurrent.ConcurrentHashMap.putVal(Ljava/lang/Object;Ljava/lang/Object;Z)Ljava/lang/Object; @ 97 c2
Event: 7.023 Thread 0x000001af01f4af30 DEOPT PACKING pc=0x000001af6d5c2458 sp=0x0000000498cfac10
Event: 7.023 Thread 0x000001af01f4af30 DEOPT UNPACKING pc=0x000001af6cd543a2 sp=0x0000000498cfaba8 mode 2
Event: 7.032 Thread 0x000001af01f4af30 Uncommon trap: trap_request=0xffffff45 fr.pc=0x000001af6d2fbe3c relative=0x0000000000000c9c
Event: 7.032 Thread 0x000001af01f4af30 Uncommon trap: reason=unstable_if action=reinterpret pc=0x000001af6d2fbe3c method=java.util.zip.ZipFile.getZipEntry(Ljava/lang/String;I)Ljava/util/zip/ZipEntry; @ 46 c2
Event: 7.032 Thread 0x000001af01f4af30 DEOPT PACKING pc=0x000001af6d2fbe3c sp=0x0000000498cfafe0
Event: 7.032 Thread 0x000001af01f4af30 DEOPT UNPACKING pc=0x000001af6cd543a2 sp=0x0000000498cfafa8 mode 2
Event: 7.091 Thread 0x000001af01f4af30 Uncommon trap: trap_request=0xffffff45 fr.pc=0x000001af6d369968 relative=0x00000000000000c8
Event: 7.091 Thread 0x000001af01f4af30 Uncommon trap: reason=unstable_if action=reinterpret pc=0x000001af6d369968 method=java.nio.Buffer.limit(I)Ljava/nio/Buffer; @ 42 c2
Event: 7.091 Thread 0x000001af01f4af30 DEOPT PACKING pc=0x000001af6d369968 sp=0x0000000498cfb130
Event: 7.091 Thread 0x000001af01f4af30 DEOPT UNPACKING pc=0x000001af6cd543a2 sp=0x0000000498cfb070 mode 2
Event: 7.092 Thread 0x000001af01f4af30 DEOPT PACKING pc=0x000001af65f1a9e6 sp=0x0000000498cfaed0
Event: 7.092 Thread 0x000001af01f4af30 DEOPT UNPACKING pc=0x000001af6cd54b42 sp=0x0000000498cfa418 mode 0
Event: 7.107 Thread 0x000001af01f4af30 Uncommon trap: trap_request=0xffffffde fr.pc=0x000001af6d485188 relative=0x00000000000002c8
Event: 7.107 Thread 0x000001af01f4af30 Uncommon trap: reason=class_check action=maybe_recompile pc=0x000001af6d485188 method=java.util.Collections$SetFromMap.remove(Ljava/lang/Object;)Z @ 5 c2
Event: 7.107 Thread 0x000001af01f4af30 DEOPT PACKING pc=0x000001af6d485188 sp=0x0000000498cfb410
Event: 7.107 Thread 0x000001af01f4af30 DEOPT UNPACKING pc=0x000001af6cd543a2 sp=0x0000000498cfb3f8 mode 2

Classes loaded (20 events):
Event: 6.920 Loading class java/io/DeleteOnExitHook
Event: 6.920 Loading class java/io/DeleteOnExitHook done
Event: 6.920 Loading class java/io/DeleteOnExitHook$1
Event: 6.920 Loading class java/io/DeleteOnExitHook$1 done
Event: 6.959 Loading class java/util/stream/DistinctOps
Event: 6.960 Loading class java/util/stream/DistinctOps done
Event: 6.960 Loading class java/util/stream/DistinctOps$1
Event: 6.960 Loading class java/util/stream/ReferencePipeline$StatefulOp
Event: 6.960 Loading class java/util/stream/ReferencePipeline$StatefulOp done
Event: 6.960 Loading class java/util/stream/DistinctOps$1 done
Event: 6.961 Loading class java/util/stream/DistinctOps$1$2
Event: 6.961 Loading class java/util/stream/DistinctOps$1$2 done
Event: 6.975 Loading class sun/reflect/ReflectionFactory
Event: 6.976 Loading class sun/reflect/ReflectionFactory done
Event: 6.976 Loading class sun/reflect/ReflectionFactory$1
Event: 6.976 Loading class sun/reflect/ReflectionFactory$1 done
Event: 7.029 Loading class java/util/zip/ZipFile$ZipEntryIterator
Event: 7.030 Loading class java/util/zip/ZipFile$ZipEntryIterator done
Event: 7.033 Loading class java/util/zip/ZipInputStream
Event: 7.034 Loading class java/util/zip/ZipInputStream done

Classes unloaded (0 events):
No events

Classes redefined (0 events):
No events

Internal exceptions (20 events):
Event: 6.769 Thread 0x000001af010fe020 Exception <a 'sun/nio/fs/WindowsException'{0x0000000085ab95c0}> (0x0000000085ab95c0) 
thrown [s\src\hotspot\share\prims\jni.cpp, line 537]
Event: 6.769 Thread 0x000001af010fe020 Exception <a 'java/lang/ClassNotFoundException'{0x0000000085ac09b0}: sync_studio_tooling2_dwnnq7zd5tvcv4frn7ycd882h$_run_closure1Customizer> (0x0000000085ac09b0) 
thrown [s\src\hotspot\share\classfile\systemDictionary.cpp, line 312]
Event: 6.804 Thread 0x000001af010fe020 Exception <a 'java/lang/NoSuchMethodError'{0x000000008579ac00}: 'java.lang.Object java.lang.invoke.DirectMethodHandle$Holder.newInvokeSpecial(java.lang.Object, int, java.lang.Object)'> (0x000000008579ac00) 
thrown [s\src\hotspot\share\interpreter\linkResolver.cpp, line 784]
Event: 6.899 Thread 0x000001af010fe020 Exception <a 'java/lang/NoSuchMethodError'{0x0000000084f16c20}: 'java.lang.Object java.lang.invoke.DirectMethodHandle$Holder.invokeSpecial(java.lang.Object, java.lang.Object, long, java.lang.Object, java.lang.Object)'> (0x0000000084f16c20) 
thrown [s\src\hotspot\share\interpreter\linkResolver.cpp, line 784]
Event: 6.920 Thread 0x000001af010fe020 Exception <a 'sun/nio/fs/WindowsException'{0x0000000084e5a648}> (0x0000000084e5a648) 
thrown [s\src\hotspot\share\prims\jni.cpp, line 537]
Event: 6.927 Thread 0x000001af010fe020 Exception <a 'sun/nio/fs/WindowsException'{0x0000000084ec9d20}> (0x0000000084ec9d20) 
thrown [s\src\hotspot\share\prims\jni.cpp, line 537]
Event: 6.979 Thread 0x000001af010fe020 Exception <a 'java/lang/NoSuchMethodError'{0x0000000084bb5220}: 'java.lang.Object java.lang.invoke.DirectMethodHandle$Holder.newInvokeSpecial(java.lang.Object, java.lang.Object, java.lang.Object, java.lang.Object, int, java.lang.Object)'> (0x0000000084bb5220) 
thrown [s\src\hotspot\share\interpreter\linkResolver.cpp, line 784]
Event: 6.980 Thread 0x000001af010fe020 Exception <a 'java/lang/NoSuchMethodError'{0x0000000084bbda90}: 'java.lang.Object java.lang.invoke.Invokers$Holder.linkToTargetMethod(java.lang.Object, java.lang.Object, java.lang.Object, int, java.lang.Object, java.lang.Object)'> (0x0000000084bbda90) 
thrown [s\src\hotspot\share\interpreter\linkResolver.cpp, line 784]
Event: 7.013 Thread 0x000001af010fe020 Exception <a 'sun/nio/fs/WindowsException'{0x00000000849e27d8}> (0x00000000849e27d8) 
thrown [s\src\hotspot\share\prims\jni.cpp, line 537]
Event: 7.013 Thread 0x000001af010fe020 Exception <a 'sun/nio/fs/WindowsException'{0x00000000849e4c08}> (0x00000000849e4c08) 
thrown [s\src\hotspot\share\prims\jni.cpp, line 537]
Event: 7.013 Thread 0x000001af010fe020 Exception <a 'sun/nio/fs/WindowsException'{0x00000000849e72b8}> (0x00000000849e72b8) 
thrown [s\src\hotspot\share\prims\jni.cpp, line 537]
Event: 7.014 Thread 0x000001af010fe020 Exception <a 'sun/nio/fs/WindowsException'{0x00000000849e9ab0}> (0x00000000849e9ab0) 
thrown [s\src\hotspot\share\prims\jni.cpp, line 537]
Event: 7.017 Thread 0x000001af01f4af30 Exception <a 'sun/nio/fs/WindowsException'{0x0000000084403c58}> (0x0000000084403c58) 
thrown [s\src\hotspot\share\prims\jni.cpp, line 537]
Event: 7.017 Thread 0x000001af01f4af30 Exception <a 'sun/nio/fs/WindowsException'{0x0000000084404b28}> (0x0000000084404b28) 
thrown [s\src\hotspot\share\prims\jni.cpp, line 537]
Event: 7.017 Thread 0x000001af01f4af30 Exception <a 'sun/nio/fs/WindowsException'{0x0000000084405c58}> (0x0000000084405c58) 
thrown [s\src\hotspot\share\prims\jni.cpp, line 537]
Event: 7.018 Thread 0x000001af01f4af30 Exception <a 'sun/nio/fs/WindowsException'{0x0000000084406ed0}> (0x0000000084406ed0) 
thrown [s\src\hotspot\share\prims\jni.cpp, line 537]
Event: 7.032 Thread 0x000001af01f4af30 Implicit null exception at 0x000001af6d2fb266 to 0x000001af6d2fbe08
Event: 7.081 Thread 0x000001af01f4af30 Exception <a 'sun/nio/fs/WindowsException'{0x00000000865bb908}> (0x00000000865bb908) 
thrown [s\src\hotspot\share\prims\jni.cpp, line 537]
Event: 7.081 Thread 0x000001af01f4af30 Exception <a 'sun/nio/fs/WindowsException'{0x00000000865bca88}> (0x00000000865bca88) 
thrown [s\src\hotspot\share\prims\jni.cpp, line 537]
Event: 7.116 Thread 0x000001af01f4af30 Exception <a 'sun/nio/fs/WindowsException'{0x0000000085f99ae0}> (0x0000000085f99ae0) 
thrown [s\src\hotspot\share\prims\jni.cpp, line 537]

ZGC Phase Switch (0 events):
No events

VM Operations (20 events):
Event: 5.970 Executing VM operation: HandshakeAllThreads (Deoptimize) done
Event: 6.182 Executing VM operation: ICBufferFull
Event: 6.183 Executing VM operation: ICBufferFull done
Event: 6.215 Executing VM operation: G1TryInitiateConcMark (G1 Humongous Allocation)
Event: 6.218 Executing VM operation: G1TryInitiateConcMark (G1 Humongous Allocation) done
Event: 6.233 Executing VM operation: G1PauseRemark
Event: 6.237 Executing VM operation: G1PauseRemark done
Event: 6.242 Executing VM operation: G1PauseCleanup
Event: 6.242 Executing VM operation: G1PauseCleanup done
Event: 6.315 Executing VM operation: HandshakeAllThreads (Deoptimize)
Event: 6.315 Executing VM operation: HandshakeAllThreads (Deoptimize) done
Event: 6.565 Executing VM operation: G1CollectForAllocation (G1 Evacuation Pause)
Event: 6.569 Executing VM operation: G1CollectForAllocation (G1 Evacuation Pause) done
Event: 6.609 Executing VM operation: HandshakeAllThreads (Deoptimize)
Event: 6.610 Executing VM operation: HandshakeAllThreads (Deoptimize) done
Event: 6.666 Executing VM operation: HandshakeAllThreads (Deoptimize)
Event: 6.666 Executing VM operation: HandshakeAllThreads (Deoptimize) done
Event: 7.053 Executing VM operation: G1CollectForAllocation (G1 Evacuation Pause)
Event: 7.059 Executing VM operation: G1CollectForAllocation (G1 Evacuation Pause) done
Event: 7.130 Executing VM operation: G1TryInitiateConcMark (G1 Humongous Allocation)

Memory protections (0 events):
No events

Nmethod flushes (20 events):
Event: 6.236 Thread 0x000001af601dfc00 flushing  nmethod 0x000001af65bf3e10
Event: 6.236 Thread 0x000001af601dfc00 flushing  nmethod 0x000001af65bf8110
Event: 6.236 Thread 0x000001af601dfc00 flushing  nmethod 0x000001af65c65110
Event: 6.236 Thread 0x000001af601dfc00 flushing  nmethod 0x000001af65d34a10
Event: 6.236 Thread 0x000001af601dfc00 flushing  nmethod 0x000001af65d37390
Event: 6.236 Thread 0x000001af601dfc00 flushing  nmethod 0x000001af65e5c190
Event: 6.236 Thread 0x000001af601dfc00 flushing  nmethod 0x000001af6d2b7b90
Event: 6.236 Thread 0x000001af601dfc00 flushing  nmethod 0x000001af6d356690
Event: 6.236 Thread 0x000001af601dfc00 flushing  nmethod 0x000001af659bbc10
Event: 6.236 Thread 0x000001af601dfc00 flushing  nmethod 0x000001af65aa2210
Event: 6.236 Thread 0x000001af601dfc00 flushing  nmethod 0x000001af65aa7310
Event: 6.236 Thread 0x000001af601dfc00 flushing  nmethod 0x000001af65b11190
Event: 6.236 Thread 0x000001af601dfc00 flushing  nmethod 0x000001af65b12210
Event: 6.236 Thread 0x000001af601dfc00 flushing  nmethod 0x000001af65b12610
Event: 6.236 Thread 0x000001af601dfc00 flushing  nmethod 0x000001af65b59810
Event: 6.236 Thread 0x000001af601dfc00 flushing  nmethod 0x000001af65b61c90
Event: 6.236 Thread 0x000001af601dfc00 flushing  nmethod 0x000001af65d7af90
Event: 6.236 Thread 0x000001af601dfc00 flushing  nmethod 0x000001af65d7e710
Event: 6.236 Thread 0x000001af601dfc00 flushing  nmethod 0x000001af65e84b10
Event: 6.236 Thread 0x000001af601dfc00 flushing  nmethod 0x000001af65f20f10

Events (20 events):
Event: 3.977 Thread 0x000001af010fe020 Thread added: 0x000001af011021c0
Event: 3.981 Thread 0x000001af010fe020 Thread added: 0x000001af01102850
Event: 4.039 Thread 0x000001af010fe020 Thread added: 0x000001af01100e10
Event: 4.039 Thread 0x000001af010fe020 Thread added: 0x000001af01100780
Event: 4.039 Thread 0x000001af010fe020 Thread added: 0x000001af01102ee0
Event: 4.039 Thread 0x000001af010fe020 Thread added: 0x000001af010ffa60
Event: 4.040 Thread 0x000001af010fe020 Thread added: 0x000001af01103570
Event: 4.040 Thread 0x000001af010fe020 Thread added: 0x000001af011014a0
Event: 4.040 Thread 0x000001af010fe020 Thread added: 0x000001af011000f0
Event: 4.040 Thread 0x000001af010fe020 Thread added: 0x000001af01f46d90
Event: 4.040 Thread 0x000001af010fe020 Thread added: 0x000001af01f46700
Event: 4.040 Thread 0x000001af010fe020 Thread added: 0x000001af01f45350
Event: 4.040 Thread 0x000001af010fe020 Thread added: 0x000001af01f48140
Event: 4.041 Thread 0x000001af010fe020 Thread added: 0x000001af01f44cc0
Event: 4.487 Thread 0x000001af010fe020 Thread added: 0x000001af01f47420
Event: 4.541 Thread 0x000001af010fe020 Thread added: 0x000001af01f47ab0
Event: 4.656 Thread 0x000001af010fe020 Thread added: 0x000001af01f487d0
Event: 4.749 Thread 0x000001af010fe020 Thread added: 0x000001af01f48e60
Event: 7.001 Thread 0x000001af010fe020 Thread added: 0x000001af01f4af30
Event: 7.003 Thread 0x000001af010fe020 Thread added: 0x000001af01f4bc50


Dynamic libraries:
0x00007ff64f540000 - 0x00007ff64f54a000 	D:\andriod studio\jbr\bin\java.exe
0x00007ffaccae0000 - 0x00007ffaccd47000 	C:\WINDOWS\SYSTEM32\ntdll.dll
0x00007ffacbd30000 - 0x00007ffacbdf9000 	C:\WINDOWS\System32\KERNEL32.DLL
0x00007ffac9510000 - 0x00007ffac9907000 	C:\WINDOWS\System32\KERNELBASE.dll
0x00007ffac9910000 - 0x00007ffac9a5b000 	C:\WINDOWS\System32\ucrtbase.dll
0x00007ffa6c620000 - 0x00007ffa6c638000 	D:\andriod studio\jbr\bin\jli.dll
0x00007ffac16f0000 - 0x00007ffac170b000 	D:\andriod studio\jbr\bin\VCRUNTIME140.dll
0x00007ffacc710000 - 0x00007ffacc8d6000 	C:\WINDOWS\System32\USER32.dll
0x00007ffab1d40000 - 0x00007ffab1fd2000 	C:\WINDOWS\WinSxS\amd64_microsoft.windows.common-controls_6595b64144ccf1df_6.0.26100.8457_none_3e0b2faee331e92d\COMCTL32.dll
0x00007ffac9f30000 - 0x00007ffac9f57000 	C:\WINDOWS\System32\win32u.dll
0x00007ffacc110000 - 0x00007ffacc13b000 	C:\WINDOWS\System32\GDI32.dll
0x00007ffacc140000 - 0x00007ffacc1e9000 	C:\WINDOWS\System32\msvcrt.dll
0x00007ffac9a60000 - 0x00007ffac9b8c000 	C:\WINDOWS\System32\gdi32full.dll
0x00007ffac9dc0000 - 0x00007ffac9e63000 	C:\WINDOWS\System32\msvcp_win.dll
0x00007ffacca60000 - 0x00007ffacca92000 	C:\WINDOWS\System32\IMM32.DLL
0x00007ffac2cb0000 - 0x00007ffac2cbc000 	D:\andriod studio\jbr\bin\vcruntime140_1.dll
0x00007ffa544b0000 - 0x00007ffa5453d000 	D:\andriod studio\jbr\bin\msvcp140.dll
0x00007ffa3f890000 - 0x00007ffa40526000 	D:\andriod studio\jbr\bin\server\jvm.dll
0x00007ffacab30000 - 0x00007ffacabe6000 	C:\WINDOWS\System32\ADVAPI32.dll
0x00007ffacb400000 - 0x00007ffacb4a7000 	C:\WINDOWS\System32\sechost.dll
0x00007ffacc940000 - 0x00007ffacca58000 	C:\WINDOWS\System32\RPCRT4.dll
0x00007ffacc580000 - 0x00007ffacc600000 	C:\WINDOWS\System32\WS2_32.dll
0x00007ffac9370000 - 0x00007ffac93ce000 	C:\WINDOWS\SYSTEM32\POWRPROF.dll
0x00007ffac0d30000 - 0x00007ffac0d66000 	C:\WINDOWS\SYSTEM32\WINMM.dll
0x00007ffac0d70000 - 0x00007ffac0d7b000 	C:\WINDOWS\SYSTEM32\VERSION.dll
0x00007ffac9350000 - 0x00007ffac9364000 	C:\WINDOWS\SYSTEM32\UMPDC.dll
0x00007ffac8200000 - 0x00007ffac821b000 	C:\WINDOWS\SYSTEM32\kernel.appcore.dll
0x00007ffab7800000 - 0x00007ffab780a000 	D:\andriod studio\jbr\bin\jimage.dll
0x00007ffac19b0000 - 0x00007ffac1bf2000 	C:\WINDOWS\SYSTEM32\DBGHELP.DLL
0x00007ffacc1f0000 - 0x00007ffacc573000 	C:\WINDOWS\System32\combase.dll
0x00007ffacb530000 - 0x00007ffacb609000 	C:\WINDOWS\System32\OLEAUT32.dll
0x00007ffab1570000 - 0x00007ffab15ab000 	C:\WINDOWS\SYSTEM32\dbgcore.DLL
0x00007ffac9b90000 - 0x00007ffac9c38000 	C:\WINDOWS\System32\bcryptPrimitives.dll
0x00007ffaa2c00000 - 0x00007ffaa2c0e000 	D:\andriod studio\jbr\bin\instrument.dll
0x00007ffaa2be0000 - 0x00007ffaa2c00000 	D:\andriod studio\jbr\bin\java.dll
0x00007ffaa2b80000 - 0x00007ffaa2b98000 	D:\andriod studio\jbr\bin\zip.dll
0x00007ffacac80000 - 0x00007ffacb3ee000 	C:\WINDOWS\System32\SHELL32.dll
0x00007ffac9f60000 - 0x00007ffaca7cc000 	C:\WINDOWS\System32\windows.storage.dll
0x00007ffacc610000 - 0x00007ffacc706000 	C:\WINDOWS\System32\SHCORE.dll
0x00007ffaca860000 - 0x00007ffaca8c6000 	C:\WINDOWS\System32\shlwapi.dll
0x00007ffac9430000 - 0x00007ffac9459000 	C:\WINDOWS\SYSTEM32\profapi.dll
0x00007ffab5840000 - 0x00007ffab5850000 	D:\andriod studio\jbr\bin\net.dll
0x00007ffac3790000 - 0x00007ffac38b9000 	C:\WINDOWS\SYSTEM32\WINHTTP.dll
0x00007ffac8810000 - 0x00007ffac887c000 	C:\WINDOWS\system32\mswsock.dll
0x00007ffaa2980000 - 0x00007ffaa2996000 	D:\andriod studio\jbr\bin\nio.dll
0x00007ffaa2b70000 - 0x00007ffaa2b80000 	D:\andriod studio\jbr\bin\verify.dll
0x00007ffa67fd0000 - 0x00007ffa67ff7000 	C:\Users\dhanu\.gradle\native\c067742578af261105cb4f569cf0c3c89f3d7b1fecec35dd04571415982c5e48\windows-amd64\native-platform.dll
0x00007ffa49630000 - 0x00007ffa49774000 	C:\Users\dhanu\.gradle\native\100fb08df4bc3b14c8652ba06237920a3bd2aa13389f12d3474272988ae205f9\windows-amd64\native-platform-file-events.dll
0x00007ffaaeaa0000 - 0x00007ffaaeaa9000 	D:\andriod studio\jbr\bin\management.dll
0x00007ffaaab80000 - 0x00007ffaaab8b000 	D:\andriod studio\jbr\bin\management_ext.dll
0x00007ffacb6b0000 - 0x00007ffacb6b8000 	C:\WINDOWS\System32\PSAPI.DLL
0x00007ffac8af0000 - 0x00007ffac8b0b000 	C:\WINDOWS\SYSTEM32\CRYPTSP.dll
0x00007ffac8220000 - 0x00007ffac8259000 	C:\WINDOWS\system32\rsaenh.dll
0x00007ffac88c0000 - 0x00007ffac88f3000 	C:\WINDOWS\SYSTEM32\USERENV.dll
0x00007ffac9400000 - 0x00007ffac942a000 	C:\WINDOWS\SYSTEM32\bcrypt.dll
0x00007ffac8b10000 - 0x00007ffac8b1c000 	C:\WINDOWS\SYSTEM32\CRYPTBASE.dll
0x00007ffac7c60000 - 0x00007ffac7c92000 	C:\WINDOWS\SYSTEM32\IPHLPAPI.DLL
0x00007ffacb6a0000 - 0x00007ffacb6aa000 	C:\WINDOWS\System32\NSI.dll
0x00007ffaaec70000 - 0x00007ffaaec79000 	D:\andriod studio\jbr\bin\extnet.dll
0x00007ffa87360000 - 0x00007ffa87368000 	C:\WINDOWS\system32\wshunix.dll

JVMTI agents:
C:\Users\dhanu\.gradle\wrapper\dists\gradle-8.9-bin\90cnw93cvbtalezasaz0blq0a\gradle-8.9\lib\agents\gradle-instrumentation-agent-8.9.jar path:D:\andriod studio\jbr\bin\instrument.dll, loaded, initialized, instrumentlib options:none

dbghelp: loaded successfully - version: 4.0.5 - missing functions: none
symbol engine: initialized successfully - sym options: 0x614 - pdb path: .;D:\andriod studio\jbr\bin;C:\WINDOWS\SYSTEM32;C:\WINDOWS\WinSxS\amd64_microsoft.windows.common-controls_6595b64144ccf1df_6.0.26100.8457_none_3e0b2faee331e92d;D:\andriod studio\jbr\bin\server;C:\Users\dhanu\.gradle\native\c067742578af261105cb4f569cf0c3c89f3d7b1fecec35dd04571415982c5e48\windows-amd64;C:\Users\dhanu\.gradle\native\100fb08df4bc3b14c8652ba06237920a3bd2aa13389f12d3474272988ae205f9\windows-amd64

VM Arguments:
jvm_args: --add-opens=java.base/java.util=ALL-UNNAMED --add-opens=java.base/java.lang=ALL-UNNAMED --add-opens=java.base/java.lang.invoke=ALL-UNNAMED --add-opens=java.prefs/java.util.prefs=ALL-UNNAMED --add-exports=jdk.compiler/com.sun.tools.javac.api=ALL-UNNAMED --add-exports=jdk.compiler/com.sun.tools.javac.util=ALL-UNNAMED --add-opens=java.base/java.nio.charset=ALL-UNNAMED --add-opens=java.base/java.net=ALL-UNNAMED --add-opens=java.base/java.util.concurrent.atomic=ALL-UNNAMED -Xmx2048m -Dfile.encoding=UTF-8 -Duser.country=US -Duser.language=en -Duser.variant -javaagent:C:\Users\dhanu\.gradle\wrapper\dists\gradle-8.9-bin\90cnw93cvbtalezasaz0blq0a\gradle-8.9\lib\agents\gradle-instrumentation-agent-8.9.jar 
java_command: org.gradle.launcher.daemon.bootstrap.GradleDaemon 8.9
java_class_path (initial): C:\Users\dhanu\.gradle\wrapper\dists\gradle-8.9-bin\90cnw93cvbtalezasaz0blq0a\gradle-8.9\lib\gradle-daemon-main-8.9.jar
Launcher Type: SUN_STANDARD

[Global flags]
     intx CICompilerCount                          = 4                                         {product} {ergonomic}
     uint ConcGCThreads                            = 3                                         {product} {ergonomic}
     uint G1ConcRefinementThreads                  = 10                                        {product} {ergonomic}
   size_t G1HeapRegionSize                         = 1048576                                   {product} {ergonomic}
    uintx GCDrainStackTargetSize                   = 64                                        {product} {ergonomic}
   size_t InitialHeapSize                          = 123731968                                 {product} {ergonomic}
   size_t MarkStackSize                            = 4194304                                   {product} {ergonomic}
   size_t MaxHeapSize                              = 2147483648                                {product} {command line}
   size_t MaxNewSize                               = 1287651328                                {product} {ergonomic}
   size_t MinHeapDeltaBytes                        = 1048576                                   {product} {ergonomic}
   size_t MinHeapSize                              = 8388608                                   {product} {ergonomic}
    uintx NonNMethodCodeHeapSize                   = 5839372                                {pd product} {ergonomic}
    uintx NonProfiledCodeHeapSize                  = 122909434                              {pd product} {ergonomic}
    uintx ProfiledCodeHeapSize                     = 122909434                              {pd product} {ergonomic}
    uintx ReservedCodeCacheSize                    = 251658240                              {pd product} {ergonomic}
     bool SegmentedCodeCache                       = true                                      {product} {ergonomic}
   size_t SoftMaxHeapSize                          = 2147483648                             {manageable} {ergonomic}
     bool UseCompressedOops                        = true                           {product lp64_product} {ergonomic}
     bool UseG1GC                                  = true                                      {product} {ergonomic}
     bool UseLargePagesIndividualAllocation        = false                                  {pd product} {ergonomic}

Logging:
Log output configuration:
 #0: stdout all=warning uptime,level,tags foldmultilines=false
 #1: stderr all=off uptime,level,tags foldmultilines=false

Release file:
JAVA_VERSION="21.0.9" 
MODULES="java.base java.compiler java.datatransfer java.xml java.prefs java.desktop java.instrument java.logging java.management java.security.sasl java.naming java.rmi java.management.rmi java.net.http java.scripting java.security.jgss java.transaction.xa java.sql java.sql.rowset java.xml.crypto java.se java.smartcardio jdk.accessibility jdk.internal.jvmstat jdk.attach jdk.charsets jdk.internal.opt jdk.zipfs jdk.compiler jdk.crypto.ec jdk.crypto.cryptoki jdk.dynalink jdk.hotspot.agent jdk.httpserver jdk.internal.ed jdk.internal.le jdk.internal.vm.ci jdk.jartool jdk.javadoc jdk.jcmd jdk.jdeps jdk.jdwp.agent jdk.jdi jdk.jfr jdk.jlink jdk.jsobject jdk.localedata jdk.management jdk.management.agent jdk.management.jfr jdk.naming.dns jdk.naming.rmi jdk.net jdk.sctp jdk.security.auth jdk.security.jgss jdk.unsupported jdk.unsupported.desktop jdk.xml.dom" 
IMPLEMENTOR="JetBrains s.r.o." 
JAVA_RUNTIME_VERSION="21.0.9+-14649483-b1163.86" 
LIBC="default" 
OS_ARCH="x86_64" 
OS_NAME="Windows" 
SOURCE=".:git:554d0c326095" 

Environment Variables:
JAVA_HOME=C:\Program Files\Java\jdk-21
PATH=C:\Program Files\Common Files\Oracle\Java\javapath;C:\Program Files (x86)\Common Files\Oracle\Java\javapath;C:\windows\system32;C:\windows;C:\windows\System32\Wbem;C:\windows\System32\WindowsPowerShell\v1.0\;C:\windows\System32\OpenSSH\;C:\Program Files\gs\gs10.00.0\bin;C:\WINDOWS\system32;C:\WINDOWS;C:\WINDOWS\System32\Wbem;C:\WINDOWS\System32\WindowsPowerShell\v1.0\;C:\WINDOWS\System32\OpenSSH\;C:\Program Files\Git\cmd;C:\Program Files\Java\jdk-21\bin;C:\Program Files\WireGuard\;C:\Users\dhanu\AppData\Local\Microsoft\WindowsApps;C:\Users\dhanu\AppData\Local\Programs\Microsoft VS Code\bin;C:\Users\dhanu\AppData\Local\GitHubDesktop\bin;C:\Users\dhanu\AppData\Local\Programs\cursor\resources\app\bin
USERNAME=dhanu
OS=Windows_NT
PROCESSOR_IDENTIFIER=AMD64 Family 25 Model 80 Stepping 0, AuthenticAMD
TMP=C:\Users\dhanu\AppData\Local\Temp
TEMP=C:\Users\dhanu\AppData\Local\Temp




Periodic native trim disabled

JNI global refs:
JNI global refs: 26, weak refs: 12

JNI global refs memory usage: 835, weak refs: 833

Process memory usage:
Resident Set Size: 356764K (4% of 7701064K total physical memory with 608312K free physical memory)

OOME stack traces (most recent first):
Classloader memory used:
Loader org.gradle.internal.classloader.VisitableURLClassLoader                         : 31812K
Loader bootstrap                                                                       : 22646K
Loader org.gradle.initialization.MixInLegacyTypesClassLoader                           : 6446K
Loader org.gradle.internal.classloader.VisitableURLClassLoader                         : 753K
Loader jdk.internal.loader.ClassLoaders$PlatformClassLoader                            : 498K
Loader jdk.internal.loader.ClassLoaders$AppClassLoader                                 : 230K
Loader jdk.internal.reflect.DelegatingClassLoader                                      : 185K
Loader org.gradle.groovy.scripts.internal.DefaultScriptCompilationHandler$ScriptClassLoader: 36168B
Loader groovy.lang.GroovyClassLoader$InnerLoader                                       : 19848B
Loader org.codehaus.groovy.runtime.callsite.CallSiteClassLoader                        : 7232B

Classes loaded by more than one classloader:
Class org.gradle.internal.IoActions                                                   : loaded 3 times (x 71B)
Class org.gradle.api.Action                                                           : loaded 3 times (x 70B)
Class org.gradle.api.GradleException                                                  : loaded 3 times (x 82B)
Class org.gradle.api.internal.classpath.ManifestUtil                                  : loaded 2 times (x 71B)
Class org.gradle.internal.operations.MultipleBuildOperationFailures                   : loaded 2 times (x 95B)
Class org.gradle.internal.classloader.DefaultClassLoaderFactory                       : loaded 2 times (x 82B)
Class kotlin.collections.AbstractList$Companion                                       : loaded 2 times (x 71B)
Class org.gradle.internal.classloader.ClassLoaderVisitor                              : loaded 2 times (x 76B)
Class org.gradle.api.internal.classpath.EffectiveClassPath                            : loaded 2 times (x 90B)
Class org.gradle.api.internal.DefaultClassPathProvider                                : loaded 2 times (x 76B)
Class [Lorg.gradle.api.internal.ClassPathProvider;                                    : loaded 2 times (x 69B)
Class org.gradle.api.internal.ClassPathProvider                                       : loaded 2 times (x 70B)
Class org.gradle.internal.service.UnknownServiceException                             : loaded 2 times (x 83B)
Class org.gradle.internal.classpath.TransformedClassPath                              : loaded 2 times (x 96B)
Class kotlin.enums.EnumEntriesList                                                    : loaded 2 times (x 223B)
Class _BuildScript_                                                                   : loaded 2 times (x 173B)
Class org.gradle.internal.service.ServiceLocator                                      : loaded 2 times (x 70B)
Class org.gradle.internal.InternalTransformer                                         : loaded 2 times (x 70B)
Class org.gradle.internal.time.DefaultTimer                                           : loaded 2 times (x 80B)
Class org.gradle.internal.classloader.ClasspathUtil$1                                 : loaded 2 times (x 76B)
Class org.gradle.api.internal.classpath.DefaultModuleRegistry$DefaultModule           : loaded 2 times (x 86B)
Class org.gradle.internal.time.DefaultCountdownTimer                                  : loaded 2 times (x 88B)
Class org.gradle.api.internal.classpath.Module                                        : loaded 2 times (x 70B)
Class org.gradle.api.internal.classpath.UnknownModuleException                        : loaded 2 times (x 82B)
Class org.gradle.api.internal.DefaultClassPathRegistry                                : loaded 2 times (x 76B)
Class org.gradle.api.internal.ClassPathRegistry                                       : loaded 2 times (x 70B)
Class org.gradle.internal.classpath.DefaultClassPath$ImmutableUniqueList              : loaded 2 times (x 199B)
Class org.gradle.internal.classpath.ClassPath                                         : loaded 2 times (x 70B)
Class org.gradle.api.UncheckedIOException                                             : loaded 2 times (x 82B)
Class org.gradle.internal.classloader.ClassLoaderHierarchy                            : loaded 2 times (x 70B)
Class _BuildScript_$_run_closure1                                                     : loaded 2 times (x 132B)
Class org.gradle.internal.installation.GradleInstallation$1                           : loaded 2 times (x 75B)
Class org.gradle.api.internal.classpath.ModuleRegistry                                : loaded 2 times (x 70B)
Class org.gradle.api.internal.classpath.DefaultModuleRegistry                         : loaded 2 times (x 83B)
Class org.gradle.internal.time.MonotonicClock                                         : loaded 2 times (x 77B)
Class org.gradle.internal.service.ServiceLookupException                              : loaded 2 times (x 82B)
Class org.gradle.internal.classloader.ClassLoaderFactory                              : loaded 2 times (x 70B)
Class org.gradle.internal.service.CachingServiceLocator                               : loaded 2 times (x 82B)
Class org.gradle.internal.time.TimeSource                                             : loaded 2 times (x 70B)
Class kotlin.enums.EnumEntries                                                        : loaded 2 times (x 70B)
Class org.gradle.internal.exceptions.ResolutionProvider                               : loaded 2 times (x 70B)
Class org.gradle.internal.classloader.ClasspathUtil                                   : loaded 2 times (x 71B)
Class org.gradle.internal.time.TimeSource$1                                           : loaded 2 times (x 77B)
Class org.gradle.api.specs.Spec                                                       : loaded 2 times (x 70B)
Class org.gradle.internal.time.Clock                                                  : loaded 2 times (x 70B)
Class kotlin.collections.AbstractList                                                 : loaded 2 times (x 197B)
Class kotlin.collections.AbstractCollection                                           : loaded 2 times (x 117B)
Class org.gradle.internal.classloader.VisitableURLClassLoader$InstrumentingVisitableURLClassLoader: loaded 2 times (x 123B)
Class org.gradle.internal.classloader.VisitableURLClassLoader$Spec                    : loaded 2 times (x 74B)
Class org.gradle.internal.classpath.DefaultClassPath                                  : loaded 2 times (x 90B)
Class org.gradle.util.internal.DefaultGradleVersion                                   : loaded 2 times (x 82B)
Class org.gradle.internal.classloader.ClassLoaderSpec                                 : loaded 2 times (x 71B)
Class org.gradle.internal.classloader.VisitableURLClassLoader                         : loaded 2 times (x 117B)
Class org.gradle.internal.classloader.FilteringClassLoader                            : loaded 2 times (x 105B)
Class org.gradle.internal.Cast                                                        : loaded 2 times (x 71B)
Class org.gradle.internal.agents.InstrumentingClassLoader                             : loaded 2 times (x 70B)
Class org.gradle.internal.classpath.DefaultClassPath$ImmutableUniqueList$Builder      : loaded 2 times (x 75B)
Class kotlin.UninitializedPropertyAccessException                                     : loaded 2 times (x 82B)
Class org.gradle.internal.exceptions.NonGradleCauseExceptionsHolder                   : loaded 2 times (x 70B)
Class kotlin.NotImplementedError                                                      : loaded 2 times (x 82B)
Class kotlin.enums.EnumEntriesKt                                                      : loaded 2 times (x 71B)
Class org.gradle.internal.classloader.SystemClassLoaderSpec                           : loaded 2 times (x 71B)
Class org.gradle.internal.exceptions.MultiCauseException                              : loaded 2 times (x 70B)
Class org.gradle.internal.time.CountdownTimer                                         : loaded 2 times (x 70B)
Class kotlin.jvm.internal.Intrinsics                                                  : loaded 2 times (x 71B)
Class org.gradle.tooling.model.ProjectModel                                           : loaded 2 times (x 70B)
Class kotlin.KotlinNullPointerException                                               : loaded 2 times (x 83B)
Class org.gradle.internal.exceptions.DefaultMultiCauseException                       : loaded 2 times (x 95B)
Class org.gradle.internal.time.Time                                                   : loaded 2 times (x 71B)
Class kotlin.NoWhenBranchMatchedException                                             : loaded 2 times (x 82B)
Class org.gradle.internal.time.Timer                                                  : loaded 2 times (x 70B)
Class kotlin.jvm.internal.markers.KMappedMarker                                       : loaded 2 times (x 70B)
Class org.gradle.internal.installation.CurrentGradleInstallationLocator               : loaded 2 times (x 71B)
Class org.gradle.internal.service.DefaultServiceLocator                               : loaded 2 times (x 83B)
Class org.gradle.util.GradleVersion                                                   : loaded 2 times (x 81B)
Class org.gradle.internal.installation.CurrentGradleInstallation                      : loaded 2 times (x 73B)
Class org.gradle.util.internal.GUtil                                                  : loaded 2 times (x 71B)
Class org.gradle.internal.installation.GradleInstallation                             : loaded 2 times (x 75B)

---------------  S Y S T E M  ---------------

OS:
 Windows 11 , 64 bit Build 26100 (10.0.26100.8328)
OS uptime: 0 days 7:33 hours
Hyper-V role detected

CPU: total 12 (initial active 12) (12 cores per cpu, 2 threads per core) family 25 model 80 stepping 0 microcode 0xa50000d, cx8, cmov, fxsr, ht, mmx, 3dnowpref, sse, sse2, sse3, ssse3, sse4a, sse4.1, sse4.2, popcnt, lzcnt, tsc, tscinvbit, avx, avx2, aes, erms, clmul, bmi1, bmi2, adx, sha, fma, vzeroupper, clflush, clflushopt, hv, rdtscp, rdpid, fsrm, f16c, cet_ss
Processor Information for processor 0
  Max Mhz: 2301, Current Mhz: 2010, Mhz Limit: 2301
Processor Information for processor 1
  Max Mhz: 2301, Current Mhz: 2301, Mhz Limit: 2301
Processor Information for processor 2
  Max Mhz: 2301, Current Mhz: 2301, Mhz Limit: 2301
Processor Information for processor 3
  Max Mhz: 2301, Current Mhz: 2010, Mhz Limit: 2301
Processor Information for processor 4
  Max Mhz: 2301, Current Mhz: 2301, Mhz Limit: 2301
Processor Information for processor 5
  Max Mhz: 2301, Current Mhz: 2010, Mhz Limit: 2301
Processor Information for processor 6
  Max Mhz: 2301, Current Mhz: 2010, Mhz Limit: 2301
Processor Information for processor 7
  Max Mhz: 2301, Current Mhz: 2301, Mhz Limit: 2301
Processor Information for processor 8
  Max Mhz: 2301, Current Mhz: 2010, Mhz Limit: 2301
Processor Information for processor 9
  Max Mhz: 2301, Current Mhz: 2301, Mhz Limit: 2301
Processor Information for processor 10
  Max Mhz: 2301, Current Mhz: 2301, Mhz Limit: 2301
Processor Information for processor 11
  Max Mhz: 2301, Current Mhz: 2301, Mhz Limit: 2301

Memory: 4k page, system-wide physical 7520M (594M free)
TotalPageFile size 18986M (AvailPageFile size 7M)
current process WorkingSet (physical memory assigned to process): 348M, peak: 351M
current process commit charge ("private bytes"): 388M, peak: 403M

vm_info: OpenJDK 64-Bit Server VM (21.0.9+-14649483-b1163.86) for windows-amd64 JRE (21.0.9+-14649483-b1163.86), built on 2025-12-30T22:08:35Z by "builder" with MS VC++ 16.10 / 16.11 (VS2019)

END.
